<?xml version="1.0" encoding="UTF-8"?>
<!-- Generated by org.testng.reporters.JUnitReportReporter -->
<testsuite skipped="0" hostname="kiran" name="library_crm.LoginCode" tests="1" failures="0" timestamp="02 Jun 2018 14:08:26 GMT" time="19.015" errors="0">
  <testcase name="loginPage" time="19.015" classname="library_crm.LoginCode"/>
</testsuite> <!-- library_crm.LoginCode -->
