<?xml version="1.0" encoding="UTF-8"?>
<!-- Generated by org.testng.reporters.JUnitReportReporter -->
<testsuite skipped="0" hostname="kiran" name="accountList.WebTable_Crm" tests="2" failures="0" timestamp="05 Jun 2018 04:57:58 GMT" time="20.693" errors="0">
  <testcase name="login" time="16.804" classname="accountList.WebTable_Crm"/>
  <testcase name="accountTab" time="3.889" classname="accountList.WebTable_Crm"/>
</testsuite> <!-- accountList.WebTable_Crm -->
