<?xml version="1.0" encoding="UTF-8"?>
<!-- Generated by org.testng.reporters.JUnitReportReporter -->
<testsuite skipped="0" hostname="kiran" name="misc_all.Case1" tests="1" failures="0" timestamp="05 Jun 2018 06:39:52 GMT" time="14.475" errors="0">
  <testcase name="login" time="14.475" classname="misc_all.Case1"/>
</testsuite> <!-- misc_all.Case1 -->
