<?xml version="1.0" encoding="UTF-8"?>
<!-- Generated by org.testng.reporters.JUnitReportReporter -->
<testsuite skipped="0" hostname="kiran" name="TestCases_Crm.CrmLogin" tests="1" failures="0" timestamp="02 Jun 2018 14:19:05 GMT" time="15.272" errors="0">
  <testcase name="adminLogin" time="15.272" classname="TestCases_Crm.CrmLogin"/>
</testsuite> <!-- TestCases_Crm.CrmLogin -->
